0 verbose cli C:\Program Files\nodejs\node.exe C:\Program Files\nodejs\node_modules\npm\bin\npm-cli.js
1 info using npm@11.13.0
2 info using node@v24.17.0
3 silly config load:file:C:\Program Files\nodejs\node_modules\npm\npmrc
4 silly config load:file:C:\Users\Aysu\OneDrive\Рабочий стол\Ai Engineer pos\ai-ad-generator\.npmrc
5 silly config load:file:C:\Users\Aysu\.npmrc
6 silly config load:file:C:\Users\Aysu\AppData\Roaming\npm\etc\npmrc
7 verbose title npm install react react-dom lucide-react
8 verbose argv "install" "react" "react-dom" "lucide-react"
9 verbose logfile logs-max:10 dir:C:\Users\Aysu\OneDrive\Рабочий стол\Ai Engineer pos\ai-ad-generator\.npm-cache\_logs\2026-06-20T12_53_57_629Z-
10 verbose logfile C:\Users\Aysu\OneDrive\Рабочий стол\Ai Engineer pos\ai-ad-generator\.npm-cache\_logs\2026-06-20T12_53_57_629Z-debug-0.log
11 silly logfile done cleaning log files
12 silly packumentCache heap:4496293888 maxSize:1124073472 maxEntrySize:562036736
13 silly idealTree buildDeps
14 silly fetch manifest react@*
15 silly packumentCache full:https://registry.npmjs.org/react cache-miss
16 http fetch GET 200 https://registry.npmjs.org/npm 212ms
17 http fetch GET 200 https://registry.npmjs.org/react 306ms (cache miss)
18 silly fetch manifest react-dom@*
19 silly packumentCache full:https://registry.npmjs.org/react-dom cache-miss
20 http fetch GET 200 https://registry.npmjs.org/react-dom 200ms (cache miss)
21 silly fetch manifest lucide-react@*
22 silly packumentCache full:https://registry.npmjs.org/lucide-react cache-miss
23 http fetch GET 200 https://registry.npmjs.org/lucide-react 93ms (cache miss)
24 silly placeDep ROOT lucide-react@ OK for: ai-ad-generator@1.0.0 want: *
25 silly placeDep ROOT react@ OK for: ai-ad-generator@1.0.0 want: *
26 silly placeDep ROOT react-dom@ OK for: ai-ad-generator@1.0.0 want: *
27 verbose type system
28 verbose stack FetchError: Invalid response body while trying to fetch https://registry.npmjs.org/lucide-react: EPERM: operation not permitted, unlink 'C:\Users\Aysu\OneDrive\Рабочий стол\Ai Engineer pos\ai-ad-generator\.npm-cache\_cacache\tmp\***'
28 verbose stack     at C:\Program Files\nodejs\node_modules\npm\node_modules\minipass-fetch\lib\body.js:174:15
28 verbose stack     at async Response.json (C:\Program Files\nodejs\node_modules\npm\node_modules\minipass-fetch\lib\body.js:75:17)
28 verbose stack     at async RegistryFetcher.packument (C:\Program Files\nodejs\node_modules\npm\node_modules\pacote\lib\registry.js:98:25)
28 verbose stack     at async RegistryFetcher.manifest (C:\Program Files\nodejs\node_modules\npm\node_modules\pacote\lib\registry.js:128:23)
28 verbose stack     at async #fetchManifest (C:\Program Files\nodejs\node_modules\npm\node_modules\@npmcli\arborist\lib\arborist\build-ideal-tree.js:1217:20)
28 verbose stack     at async #nodeFromEdge (C:\Program Files\nodejs\node_modules\npm\node_modules\@npmcli\arborist\lib\arborist\build-ideal-tree.js:1054:19)
28 verbose stack     at async #buildDepStep (C:\Program Files\nodejs\node_modules\npm\node_modules\@npmcli\arborist\lib\arborist\build-ideal-tree.js:917:11)
28 verbose stack     at async Arborist.buildIdealTree (C:\Program Files\nodejs\node_modules\npm\node_modules\@npmcli\arborist\lib\arborist\build-ideal-tree.js:170:7)
28 verbose stack     at async Promise.all (index 1)
28 verbose stack     at async Arborist.reify (C:\Program Files\nodejs\node_modules\npm\node_modules\@npmcli\arborist\lib\arborist\reify.js:111:5)
29 error code EPERM
30 error syscall unlink
31 error path C:\Users\Aysu\OneDrive\Рабочий стол\Ai Engineer pos\ai-ad-generator\.npm-cache\_cacache\tmp\***
32 error errno EPERM
33 error FetchError: Invalid response body while trying to fetch https://registry.npmjs.org/lucide-react: EPERM: operation not permitted, unlink 'C:\Users\Aysu\OneDrive\Рабочий стол\Ai Engineer pos\ai-ad-generator\.npm-cache\_cacache\tmp\***'
33 error     at C:\Program Files\nodejs\node_modules\npm\node_modules\minipass-fetch\lib\body.js:174:15
33 error     at async Response.json (C:\Program Files\nodejs\node_modules\npm\node_modules\minipass-fetch\lib\body.js:75:17)
33 error     at async RegistryFetcher.packument (C:\Program Files\nodejs\node_modules\npm\node_modules\pacote\lib\registry.js:98:25)
33 error     at async RegistryFetcher.manifest (C:\Program Files\nodejs\node_modules\npm\node_modules\pacote\lib\registry.js:128:23)
33 error     at async #fetchManifest (C:\Program Files\nodejs\node_modules\npm\node_modules\@npmcli\arborist\lib\arborist\build-ideal-tree.js:1217:20)
33 error     at async #nodeFromEdge (C:\Program Files\nodejs\node_modules\npm\node_modules\@npmcli\arborist\lib\arborist\build-ideal-tree.js:1054:19)
33 error     at async #buildDepStep (C:\Program Files\nodejs\node_modules\npm\node_modules\@npmcli\arborist\lib\arborist\build-ideal-tree.js:917:11)
33 error     at async Arborist.buildIdealTree (C:\Program Files\nodejs\node_modules\npm\node_modules\@npmcli\arborist\lib\arborist\build-ideal-tree.js:170:7)
33 error     at async Promise.all (index 1)
33 error     at async Arborist.reify (C:\Program Files\nodejs\node_modules\npm\node_modules\@npmcli\arborist\lib\arborist\reify.js:111:5) {
33 error   code: 'EPERM',
33 error   errno: 'EPERM',
33 error   syscall: 'unlink',
33 error   path: 'C:\\Users\\Aysu\\OneDrive\\Рабочий стол\\Ai Engineer pos\\ai-ad-generator\\.npm-cache\\_cacache\\tmp\\***',
33 error   type: 'system',
33 error   requiredBy: '.'
33 error }
34 error
34 error The operation was rejected by your operating system.
34 error It's possible that the file was already in use (by a text editor or antivirus), or that you lack permissions to access it.
34 error
34 error If you believe this might be a permissions issue, please double-check the permissions of the file and its containing directories, or try running the command again as root/Administrator.
35 silly unfinished npm timer reify 1781960038640
36 silly unfinished npm timer reify:loadTrees 1781960038642
37 verbose cwd C:\Users\Aysu\OneDrive\Рабочий стол\Ai Engineer pos\ai-ad-generator
38 verbose os Windows_NT 10.0.26200
39 verbose node v24.17.0
40 verbose npm  v11.13.0
41 notice
41 notice New minor version of npm available! 11.13.0 -> 11.17.0
41 notice Changelog: https://github.com/npm/cli/releases/tag/v11.17.0
41 notice To update run: npm install -g npm@11.17.0
41 notice  { force: true, Symbol(proc-log.meta): true }
42 verbose exit 1
43 verbose code 1
44 error A complete log of this run can be found in: C:\Users\Aysu\OneDrive\Рабочий стол\Ai Engineer pos\ai-ad-generator\.npm-cache\_logs\2026-06-20T12_53_57_629Z-debug-0.log
